-------------------------------------------------------------------------------
Test set: org.openapitools.OpenApiGeneratorApplicationTests
-------------------------------------------------------------------------------
Tests run: 1, Failures: 0, Errors: 1, Skipped: 0, Time elapsed: 0.378 s <<< FAILURE! - in org.openapitools.OpenApiGeneratorApplicationTests
org.openapitools.OpenApiGeneratorApplicationTests  Time elapsed: 0.377 s  <<< ERROR!
java.lang.IllegalStateException: Unable to find a @SpringBootConfiguration, you need to use @ContextConfiguration or @SpringBootTest(classes=...) with your test

